[2025-07-25T20:18:50.285+0000] {taskinstance.py:1956} INFO - Dependencies all met for dep_context=non-requeueable deps ti=<TaskInstance: retail_sales_etl_pipeline.extract_transform_load_data scheduled__2025-07-24T00:00:00+00:00 [queued]>
[2025-07-25T20:18:50.297+0000] {taskinstance.py:1956} INFO - Dependencies all met for dep_context=requeueable deps ti=<TaskInstance: retail_sales_etl_pipeline.extract_transform_load_data scheduled__2025-07-24T00:00:00+00:00 [queued]>
[2025-07-25T20:18:50.297+0000] {taskinstance.py:2170} INFO - Starting attempt 1 of 2
[2025-07-25T20:18:50.313+0000] {taskinstance.py:2191} INFO - Executing <Task(PythonOperator): extract_transform_load_data> on 2025-07-24 00:00:00+00:00
[2025-07-25T20:18:50.323+0000] {standard_task_runner.py:60} INFO - Started process 49 to run task
[2025-07-25T20:18:50.329+0000] {standard_task_runner.py:87} INFO - Running: ['***', 'tasks', 'run', 'retail_sales_etl_pipeline', 'extract_transform_load_data', 'scheduled__2025-07-24T00:00:00+00:00', '--job-id', '3', '--raw', '--subdir', 'DAGS_FOLDER/retail_sales_dag.py', '--cfg-path', '/tmp/tmpm4ubr4fe']
[2025-07-25T20:18:50.338+0000] {standard_task_runner.py:88} INFO - Job 3: Subtask extract_transform_load_data
[2025-07-25T20:18:50.444+0000] {task_command.py:423} INFO - Running <TaskInstance: retail_sales_etl_pipeline.extract_transform_load_data scheduled__2025-07-24T00:00:00+00:00 [running]> on host 6d277d964ce0
[2025-07-25T20:18:50.611+0000] {taskinstance.py:2480} INFO - Exporting env vars: AIRFLOW_CTX_DAG_OWNER='***' AIRFLOW_CTX_DAG_ID='retail_sales_etl_pipeline' AIRFLOW_CTX_TASK_ID='extract_transform_load_data' AIRFLOW_CTX_EXECUTION_DATE='2025-07-24T00:00:00+00:00' AIRFLOW_CTX_TRY_NUMBER='1' AIRFLOW_CTX_DAG_RUN_ID='scheduled__2025-07-24T00:00:00+00:00'
[2025-07-25T20:18:50.615+0000] {logging_mixin.py:188} INFO - Starting ETL process...
[2025-07-25T20:18:50.651+0000] {logging_mixin.py:188} INFO - Successfully loaded data from /opt/***/data/raw/sales_data.csv. Shape: (1000, 9)
[2025-07-25T20:18:50.652+0000] {logging_mixin.py:188} INFO - Performing data transformations...
[2025-07-25T20:18:50.675+0000] {logging_mixin.py:188} INFO - Data transformation complete. Sample data after transformation:
[2025-07-25T20:18:50.699+0000] {logging_mixin.py:188} INFO -    transaction_id       date  ... total_amount total_sales_per_order
0               1 2023-11-24  ...          150                   150
1               2 2023-02-27  ...         1000                  1000
2               3 2023-01-13  ...           30                    30
3               4 2023-05-21  ...          500                   500
4               5 2023-05-06  ...          100                   100

[5 rows x 10 columns]
[2025-07-25T20:18:50.700+0000] {logging_mixin.py:188} INFO - 
DataFrame columns after transformation:
[2025-07-25T20:18:50.701+0000] {logging_mixin.py:188} INFO - Index(['transaction_id', 'date', 'customer_id', 'gender', 'age',
       'product_category', 'quantity', 'price_per_unit', 'total_amount',
       'total_sales_per_order'],
      dtype='object')
[2025-07-25T20:18:50.702+0000] {logging_mixin.py:188} INFO - Loading data into PostgreSQL...
[2025-07-25T20:18:50.830+0000] {logging_mixin.py:188} INFO - Data successfully loaded into 'sales_data' table in PostgreSQL.
[2025-07-25T20:18:50.831+0000] {python.py:201} INFO - Done. Returned value was: None
[2025-07-25T20:18:50.848+0000] {taskinstance.py:1138} INFO - Marking task as SUCCESS. dag_id=retail_sales_etl_pipeline, task_id=extract_transform_load_data, execution_date=20250724T000000, start_date=20250725T201850, end_date=20250725T201850
[2025-07-25T20:18:50.906+0000] {local_task_job_runner.py:234} INFO - Task exited with return code 0
[2025-07-25T20:18:50.928+0000] {taskinstance.py:3280} INFO - 0 downstream tasks scheduled from follow-on schedule check
